SCSI disk: hdv/MacOS-8.1-boot.vhd attached
PRAM: q605_trace.pram loaded
[q605_trace] reset: cpuHeld=1 overlay=1 pc=$0000002A sp=$FF7439EE
  IO  R $5FFFFFFC = $FFFFFFFF  (pc=$00004BEA clk=766)
  IO  R $5FFFFFFD = $FFFFFFFF  (pc=$00004BEA clk=766)
  IO  R $5FFFFFFE = $FFFFFFFF  (pc=$00004BEA clk=766)
  IO  R $5FFFFFFF = $FFFFFFFF  (pc=$00004BEA clk=766)
  IO  W $5FFFFFFC = $00  (pc=$00004BEE clk=774)
  IO  W $5FFFFFFD = $00  (pc=$00004BEE clk=774)
  IO  W $5FFFFFFE = $00  (pc=$00004BEE clk=774)
  IO  W $5FFFFFFF = $00  (pc=$00004BEE clk=774)
  IO  R $5FFFFFFC = $FFFFFFFF  (pc=$00004BF0 clk=778)
  IO  R $5FFFFFFD = $FFFFFFFF  (pc=$00004BF0 clk=778)
  IO  R $5FFFFFFE = $FFFFFFFF  (pc=$00004BF0 clk=778)
  IO  R $5FFFFFFF = $FFFFFFFF  (pc=$00004BF0 clk=778)
  IO  W $5FFFFFFC = $FF  (pc=$00004BEE clk=796)
  IO  W $5FFFFFFD = $FF  (pc=$00004BEE clk=796)
  IO  W $5FFFFFFE = $FF  (pc=$00004BEE clk=796)
  IO  W $5FFFFFFF = $FF  (pc=$00004BEE clk=796)
  IO  R $5FFFFFFC = $FFFFFFFF  (pc=$00004BF0 clk=800)
  IO  R $5FFFFFFD = $FFFFFFFF  (pc=$00004BF0 clk=800)
  IO  R $5FFFFFFE = $FFFFFFFF  (pc=$00004BF0 clk=800)
  IO  R $5FFFFFFF = $FFFFFFFF  (pc=$00004BF0 clk=800)
  IO  R $5FFFFFFC = $FFFFFFFF  (pc=$40804BEA clk=1977)
  IO  R $5FFFFFFD = $FFFFFFFF  (pc=$40804BEA clk=1977)
  IO  R $5FFFFFFE = $FFFFFFFF  (pc=$40804BEA clk=1977)
  IO  R $5FFFFFFF = $FFFFFFFF  (pc=$40804BEA clk=1977)
  IO  W $5FFFFFFC = $00  (pc=$40804BEE clk=1985)
  IO  W $5FFFFFFD = $00  (pc=$40804BEE clk=1985)
  IO  W $5FFFFFFE = $00  (pc=$40804BEE clk=1985)
  IO  W $5FFFFFFF = $00  (pc=$40804BEE clk=1985)
  IO  R $5FFFFFFC = $FFFFFFFF  (pc=$40804BF0 clk=1989)
  IO  R $5FFFFFFD = $FFFFFFFF  (pc=$40804BF0 clk=1989)
  IO  R $5FFFFFFE = $FFFFFFFF  (pc=$40804BF0 clk=1989)
  IO  R $5FFFFFFF = $FFFFFFFF  (pc=$40804BF0 clk=1989)
  IO  W $5FFFFFFC = $FF  (pc=$40804BEE clk=2007)
  IO  W $5FFFFFFD = $FF  (pc=$40804BEE clk=2007)
  IO  W $5FFFFFFE = $FF  (pc=$40804BEE clk=2007)
  IO  W $5FFFFFFF = $FF  (pc=$40804BEE clk=2007)
  IO  R $5FFFFFFC = $FFFFFFFF  (pc=$40804BF0 clk=2011)
  IO  R $5FFFFFFD = $FFFFFFFF  (pc=$40804BF0 clk=2011)
  IO  R $5FFFFFFE = $FFFFFFFF  (pc=$40804BF0 clk=2011)
  IO  R $5FFFFFFF = $FFFFFFFF  (pc=$40804BF0 clk=2011)
  IO  W $50F01E00 = $20  (pc=$40802E9C clk=3056)
  IO  W $50F00600 = $28  (pc=$40802EA0 clk=3098)
  IO  W $50F00000 = $F8  (pc=$40802EA4 clk=3130)
  IO  W $50F00400 = $F0  (pc=$40802EA6 clk=3161)
  IO  W $50F01800 = $00  (pc=$40802EAA clk=3194)
  IO  W $50F01600 = $1C  (pc=$40802EAE clk=3226)
  IO  W $50F01C00 = $7F  (pc=$40802EB2 clk=3258)
  IO  R $50F03E00 = $FFFFFFFF  (pc=$40802EC8 clk=3312)
  IO  W $50F03E00 = $FF  (pc=$40802ECE clk=3358)
  IO  W $50F02600 = $00  (pc=$40802ED2 clk=3382)
  IO  W $50F02000 = $0E  (pc=$40802ED6 clk=3418)
  IO  W $50F02400 = $FF  (pc=$40802ED8 clk=3449)
  IO  W $50F03800 = $26  (pc=$40802EDC clk=3482)
  IO  W $50F03600 = $C0  (pc=$40802EE0 clk=3514)
  IO  W $50F03C00 = $7F  (pc=$40802EE4 clk=3546)
  IO  W $50F02800 = $6E  (pc=$40802EEA clk=3576)
  IO  W $50F02A00 = $19  (pc=$40802EF0 clk=3608)
  IO  R $5FFFFFFC = $FFFFFFFF  (pc=$40804946 clk=3748)
  IO  R $5FFFFFFD = $FFFFFFFF  (pc=$40804946 clk=3748)
  IO  R $5FFFFFFE = $FFFFFFFF  (pc=$40804946 clk=3748)
  EDGE pb=$DF phase=0 xcvr=0 (clk=113553)
  EDGE pb=$C7 phase=0 xcvr=1 (clk=113745)
  EDGE pb=$EF phase=0 xcvr=0 (clk=115665)
  CUDA <- $01  (clk=115665 pc=$408B3B2C)
  EDGE pb=$FF phase=1 xcvr=0 (clk=116017)
  CUDA <- $07  (clk=116017 pc=$408B3BC6)
  EDGE pb=$EF phase=1 xcvr=0 (clk=116369)
  CUDA <- $00  (clk=116369 pc=$408B3BC6)
  EDGE pb=$FF phase=1 xcvr=0 (clk=116721)
  CUDA <- $F8  (clk=116721 pc=$408B3BC6)
  EDGE pb=$CF phase=1 xcvr=0 (clk=117105)
  CUDA <- $F8  (clk=117105 pc=$408B3B74)
  EDGE pb=$EF phase=2 xcvr=0 (clk=117233)
  EDGE pb=$FF phase=2 xcvr=0 (clk=117457)
  CUDA -> $01  (clk=117513 pc=$408B3BDE)
  EDGE pb=$E7 phase=3 xcvr=1 (clk=117649)
  CUDA -> $00  (clk=117824 pc=$408B3BDE)
  EDGE pb=$F7 phase=3 xcvr=1 (clk=117969)
  CUDA -> $00  (clk=118144 pc=$408B3BDE)
  EDGE pb=$E7 phase=3 xcvr=1 (clk=118289)
  EDGE pb=$C7 phase=3 xcvr=1 (clk=118385)
  EDGE pb=$EF phase=0 xcvr=0 (clk=118993)
  CUDA <- $01  (clk=118993 pc=$408B3B2C)
  EDGE pb=$FF phase=1 xcvr=0 (clk=119345)
  CUDA <- $07  (clk=119345 pc=$408B3BC6)
  EDGE pb=$EF phase=1 xcvr=0 (clk=119697)
  CUDA <- $00  (clk=119697 pc=$408B3BC6)
  EDGE pb=$FF phase=1 xcvr=0 (clk=120049)
  CUDA <- $F9  (clk=120049 pc=$408B3BC6)
  EDGE pb=$CF phase=1 xcvr=0 (clk=120433)
  CUDA <- $F9  (clk=120433 pc=$408B3B74)
  EDGE pb=$EF phase=2 xcvr=0 (clk=120561)
  EDGE pb=$FF phase=2 xcvr=0 (clk=120785)
  CUDA -> $01  (clk=120841 pc=$408B3BDE)
  EDGE pb=$E7 phase=3 xcvr=1 (clk=120977)
  CUDA -> $00  (clk=121152 pc=$408B3BDE)
  EDGE pb=$F7 phase=3 xcvr=1 (clk=121297)
  CUDA -> $01  (clk=121472 pc=$408B3BDE)
  EDGE pb=$E7 phase=3 xcvr=1 (clk=121617)
  EDGE pb=$C7 phase=3 xcvr=1 (clk=121713)
  EDGE pb=$EF phase=0 xcvr=0 (clk=122321)
  CUDA <- $01  (clk=122321 pc=$408B3B2C)
  EDGE pb=$FF phase=1 xcvr=0 (clk=122673)
  CUDA <- $07  (clk=122673 pc=$408B3BC6)
  EDGE pb=$EF phase=1 xcvr=0 (clk=123025)
  CUDA <- $00  (clk=123025 pc=$408B3BC6)
  EDGE pb=$FF phase=1 xcvr=0 (clk=123377)
  CUDA <- $FA  (clk=123377 pc=$408B3BC6)
  EDGE pb=$CF phase=1 xcvr=0 (clk=123761)
  CUDA <- $FA  (clk=123761 pc=$408B3B74)
  EDGE pb=$EF phase=2 xcvr=0 (clk=123889)
  EDGE pb=$FF phase=2 xcvr=0 (clk=124113)
  CUDA -> $01  (clk=124169 pc=$408B3BDE)
  EDGE pb=$E7 phase=3 xcvr=1 (clk=124305)
  CUDA -> $00  (clk=124480 pc=$408B3BDE)
  EDGE pb=$F7 phase=3 xcvr=1 (clk=124625)
  CUDA -> $00  (clk=124800 pc=$408B3BDE)
  EDGE pb=$E7 phase=3 xcvr=1 (clk=124945)
  EDGE pb=$C7 phase=3 xcvr=1 (clk=125041)
  EDGE pb=$EF phase=0 xcvr=0 (clk=125649)
  CUDA <- $01  (clk=125649 pc=$408B3B2C)
  EDGE pb=$FF phase=1 xcvr=0 (clk=126001)
  CUDA <- $07  (clk=126001 pc=$408B3BC6)
  EDGE pb=$EF phase=1 xcvr=0 (clk=126353)
  CUDA <- $00  (clk=126353 pc=$408B3BC6)
  EDGE pb=$FF phase=1 xcvr=0 (clk=126705)
  CUDA <- $FB  (clk=126705 pc=$408B3BC6)
  EDGE pb=$CF phase=1 xcvr=0 (clk=127089)
  CUDA <- $FB  (clk=127089 pc=$408B3B74)
  CUDA -> $01  (clk=127497 pc=$408B3BDE)
  CUDA -> $00  (clk=127808 pc=$408B3BDE)
  CUDA -> $8D  (clk=128128 pc=$408B3BDE)
  CUDA <- $01  (clk=129009 pc=$408B3B2C)
  CUDA <- $07  (clk=129361 pc=$408B3BC6)
  CUDA <- $00  (clk=129713 pc=$408B3BC6)
  CUDA <- $78  (clk=130065 pc=$408B3BC6)
  CUDA <- $78  (clk=130449 pc=$408B3B74)
  CUDA -> $01  (clk=130857 pc=$408B3BDE)
  CUDA -> $00  (clk=131168 pc=$408B3BDE)
  CUDA -> $00  (clk=131488 pc=$408B3BDE)
  CUDA <- $01  (clk=132337 pc=$408B3B2C)
  CUDA <- $07  (clk=132689 pc=$408B3BC6)
  CUDA <- $00  (clk=133041 pc=$408B3BC6)
  CUDA <- $79  (clk=133393 pc=$408B3BC6)
  CUDA <- $79  (clk=133777 pc=$408B3B74)
  CUDA -> $01  (clk=134185 pc=$408B3BDE)
  CUDA -> $00  (clk=134496 pc=$408B3BDE)
  CUDA -> $00  (clk=134816 pc=$408B3BDE)
  CUDA <- $01  (clk=135665 pc=$408B3B2C)
  CUDA <- $07  (clk=136017 pc=$408B3BC6)
  CUDA <- $00  (clk=136369 pc=$408B3BC6)
  CUDA <- $7A  (clk=136721 pc=$408B3BC6)
  CUDA <- $7A  (clk=137105 pc=$408B3B74)
  CUDA -> $01  (clk=137513 pc=$408B3BDE)
  CUDA -> $00  (clk=137824 pc=$408B3BDE)
  CUDA -> $00  (clk=138144 pc=$408B3BDE)
  CUDA <- $01  (clk=138993 pc=$408B3B2C)
  CUDA <- $07  (clk=139345 pc=$408B3BC6)
  CUDA <- $00  (clk=139697 pc=$408B3BC6)
  CUDA <- $7B  (clk=140049 pc=$408B3BC6)
  CUDA <- $7B  (clk=140433 pc=$408B3B74)
  CUDA -> $01  (clk=140841 pc=$408B3BDE)
  CUDA -> $00  (clk=141152 pc=$408B3BDE)
  CUDA -> $00  (clk=141472 pc=$408B3BDE)
  CUDA <- $01  (clk=143665 pc=$408AA0CE)
  CUDA <- $22  (clk=144305 pc=$408AA172)
  CUDA <- $DE  (clk=144913 pc=$408AA172)
  CUDA <- $0C  (clk=145521 pc=$408AA172)
  CUDA <- $47  (clk=146129 pc=$408AA172)
  CUDA -> $01  (clk=147077 pc=$408AA18A)
  CUDA -> $00  (clk=147424 pc=$408AA18A)
  CUDA -> $00  (clk=147776 pc=$408AA18A)
  CUDA <- $01  (clk=154513 pc=$408AA0CE)
  CUDA <- $22  (clk=155153 pc=$408AA172)
  CUDA <- $DE  (clk=155761 pc=$408AA172)
  CUDA <- $0F  (clk=156369 pc=$408AA172)
  CUDA <- $41  (clk=156977 pc=$408AA172)
  CUDA -> $01  (clk=157925 pc=$408AA18A)
  CUDA -> $00  (clk=158272 pc=$408AA18A)
  CUDA -> $00  (clk=158624 pc=$408AA18A)
  CUDA -> $01  (clk=15567229 pc=$40807116)

[q605_trace] after 200000000 cycles: pc=$408479B0 sp=$00007FFC sr=$2708 halted=0 stopped=0
-- vector histogram --
-- IRQ (willInterrupt) by level --
-- PC coverage (64 KB regions, top 24) --
  $40840000: 22215527
  $40800000: 1206699
  $408A0000: 8275
  $408B0000: 1835
  $40880000: 394
  $00000000: 242
-- VRAM all zero --
-- ScrnBase($824)=$6DB6DB6D  MainDevice=$FFFFFFFF PixMap=$FFFFFFFF
--   PixMap baseAddr=$FFB6DB6D rowBytes=14043 depth=46811 bounds=(28086,56173,46811,28086)
-- render fbBase=$F9000000 off=$00000 640x480 stride=14043 bytes: 00 00 00 00 00 00 00 00 00 00 00 00 00 00 00 00
-- wrote q605_boot_1bpp.pbm (640x480 1bpp stride 14043) --
-- wrote q605_boot.ppm (640x480 8bpp stride 14043 via CLUT) --
-- wrote q605_vram.raw (1MB) --
-- last 32 PCs --
  $408479B2  eor.l   D2, (A2)
  $408479B4  move.l  (A2)+, D2
  $408479B6  eor.l   D2, (A2)
  $408479B8  move.l  (A2)+, D2
  $408479BA  eor.l   D2, (A2)
  $408479BC  dbra    D3, $4084797c
  $4084797C  move.l  (A2)+, D2
  $4084797E  eor.l   D2, (A2)
  $40847980  move.l  (A2)+, D2
  $40847982  eor.l   D2, (A2)
  $40847984  move.l  (A2)+, D2
  $40847986  eor.l   D2, (A2)
  $40847988  move.l  (A2)+, D2
  $4084798A  eor.l   D2, (A2)
  $4084798C  move.l  (A2)+, D2
  $4084798E  eor.l   D2, (A2)
  $40847990  move.l  (A2)+, D2
  $40847992  eor.l   D2, (A2)
  $40847994  move.l  (A2)+, D2
  $40847996  eor.l   D2, (A2)
  $40847998  move.l  (A2)+, D2
  $4084799A  eor.l   D2, (A2)
  $4084799C  move.l  (A2)+, D2
  $4084799E  eor.l   D2, (A2)
  $408479A0  move.l  (A2)+, D2
  $408479A2  eor.l   D2, (A2)
  $408479A4  move.l  (A2)+, D2
  $408479A6  eor.l   D2, (A2)
  $408479A8  move.l  (A2)+, D2
  $408479AA  eor.l   D2, (A2)
  $408479AC  move.l  (A2)+, D2
  $408479AE  eor.l   D2, (A2)
-- SCSI: reads=0 writes=0 selects=0 commands=0 dmaBytes=0 lastCmd=$00 --
